Loading nuevomatch with batch size of 128...
Log: (load) iSet size is 97, with 10 columns, 1 validation phases, and field index of 3. Total size: 4268 bytes (src/interval_set.cpp:162)
Log: (load) iSet size is 97, with 10 columns, 1 validation phases, and field index of 3. Total size: 4268 bytes (src/interval_set.cpp:162)
Log: (load_subsets) Skipping iSet 1. Extracted 97 rules. (src/nuevomatch.cpp:413)
Log: (load) iSet size is 93, with 10 columns, 1 validation phases, and field index of 3. Total size: 4092 bytes (src/interval_set.cpp:162)
Log: (load_subsets) Skipping iSet 2. Extracted 93 rules. (src/nuevomatch.cpp:413)
Log: (load) iSet size is 88, with 10 columns, 1 validation phases, and field index of 3. Total size: 3872 bytes (src/interval_set.cpp:162)
Log: (load_subsets) Skipping iSet 3. Extracted 88 rules. (src/nuevomatch.cpp:413)
Log: (load) iSet size is 81, with 10 columns, 1 validation phases, and field index of 3. Total size: 3564 bytes (src/interval_set.cpp:162)
Log: (load_subsets) Skipping iSet 4. Extracted 81 rules. (src/nuevomatch.cpp:413)
Log: (load) iSet size is 75, with 10 columns, 1 validation phases, and field index of 3. Total size: 3300 bytes (src/interval_set.cpp:162)
Log: (load_subsets) Skipping iSet 5. Extracted 75 rules. (src/nuevomatch.cpp:413)
Log: (load_subsets) Total rules after removing validation phase duplicates: 1452 (src/nuevomatch.cpp:438)
Log: (load_subsets) iSet 0 holds 97 rules (coverage: 6.68) for field 3 with RQRMI size of 741 bytes (src/nuevomatch.cpp:445)
Log: (load_subsets) NuevoMatch total coverage: 6.68% (src/nuevomatch.cpp:449)
Log: (build_remainder) Manually building remainder classifier (remainder holds 1355 rules) (src/nuevomatch.cpp:524)
Log: (group_subsets_to_cores) NuevoMatch worker 0 on CPU 0 holds: {OnlineTupleMerge iSet-0} of total 34030 KB. (src/nuevomatch.cpp:675)
Classifier attributes:
Total rules: 1452
Total size (bytes): 741
Build time (ms): 68235
Reading trace file...
Total 700000 packets in trace
Warming cache...
Iteration 0...
Iteration 1...
Iteration 2...
Iteration 3...
Iteration 4...
Repeating experiment 1 times
Starting trace test for classifier with 700000 packets...
Cache hit rate: 0.00, utilization: 0.00
Classifier Information:
Performance: total time 162477.338 usec. Average time: 0.232 usec per packet.
Serial worker 0 total time: 162477.422 used, avg time per batch: 29.709 usec, publish time: 7438.142 us
Remainder classifier total size: 33289 bytes
Remainder classifier information
Tuple Merge Classifier
There are 24 tables:
Table 0 with 667 rules
Table 1 with 168 rules
Table 2 with 37 rules
Table 3 with 75 rules
Table 4 with 190 rules
Table 5 with 26 rules
Table 6 with 22 rules
Table 7 with 33 rules
Table 8 with 21 rules
Table 9 with 28 rules
Table 10 with 26 rules
Table 11 with 2 rules
Table 12 with 10 rules
Table 13 with 12 rules
Table 14 with 12 rules
Table 15 with 3 rules
Table 16 with 8 rules
Table 17 with 5 rules
Table 18 with 3 rules
Table 19 with 4 rules
Table 20 with 1 rules
Table 21 with 1 rules
Table 22 with 1 rules
Table 23 with 0 rules
Collision Limit: 10
Total rules: 1355
Build time 0.000 ms
Performance: total time 0 usec. Average time: -nan usec per packet.
done.
